#-----------------------------------------------------------
# Vivado v2019.1 (64-bit)
# SW Build 2552052 on Fri May 24 14:47:09 MDT 2019
# IP Build 2548770 on Fri May 24 18:01:18 MDT 2019
# Start of session at: Mon May 11 22:39:27 2020
# Process ID: 8122
# Current directory: /home/roy-m
# Command line: vivado
# Log file: /home/roy-m/vivado.log
# Journal file: /home/roy-m/vivado.jou
#-----------------------------------------------------------
start_gui
open_project /fpga/projects/UIO_wIRQ/UIO_wIRQ.xpr
WARNING: [Board 49-91] Board repository path '/home/roy-m/.Xilinx/Vivado/2019.1/xhub/board_store' does not exist, it will not be used to search board files.
Scanning sources...
Finished scanning sources
WARNING: [filemgmt 56-3] Board Part Repository Path: Could not find the directory '/home/roy-m/.Xilinx/Vivado/2019.1/xhub/board_store'.
INFO: [IP_Flow 19-234] Refreshing IP repositories
INFO: [IP_Flow 19-1700] Loaded user IP repository '/fpga/projects/ip_repo/myip_1.0'.
INFO: [IP_Flow 19-1700] Loaded user IP repository '/fpga/projects/UIO_wIRQ/ip_repo/custom_IO_1.0'.
INFO: [IP_Flow 19-2313] Loaded Vivado IP repository '/fpga/Xilinx/Vivado/2019.1/data/ip'.
update_compile_order -fileset sources_1
open_bd_design {/fpga/projects/UIO_wIRQ/UIO_wIRQ.srcs/sources_1/bd/design_1/design_1.bd}
Adding component instance block -- xilinx.com:ip:processing_system7:5.5 - processing_system7_0
Adding component instance block -- xilinx.com:ip:axi_gpio:2.0 - axi_gpio_0
Adding component instance block -- xilinx.com:ip:axi_interconnect:2.1 - ps7_0_axi_periph
Adding component instance block -- xilinx.com:ip:axi_protocol_converter:2.1 - auto_pc
Adding component instance block -- xilinx.com:ip:proc_sys_reset:5.0 - rst_ps7_0_100M
Successfully read diagram <design_1> from BD file </fpga/projects/UIO_wIRQ/UIO_wIRQ.srcs/sources_1/bd/design_1/design_1.bd>
archive_project /fpga/projects/UIO_wIRQ.xpr.zip -force -include_local_ip_cache -include_config_settings
INFO: [Coretcl 2-137] starting archive...
INFO: [Coretcl 2-1499] Saving project copy to temporary location './.Xil/Vivado-8122-kub18-fpga' for archiving project
Scanning sources...
Finished scanning sources
WARNING: [filemgmt 56-3] Board Part Repository Path: Could not find the directory '/home/roy-m/.Xilinx/Vivado/2019.1/xhub/board_store'.
INFO: [IP_Flow 19-234] Refreshing IP repositories
INFO: [IP_Flow 19-1700] Loaded user IP repository '/fpga/projects/ip_repo/myip_1.0'.
INFO: [IP_Flow 19-1700] Loaded user IP repository '/fpga/projects/UIO_wIRQ/ip_repo/custom_IO_1.0'.
INFO: [IP_Flow 19-2313] Loaded Vivado IP repository '/fpga/Xilinx/Vivado/2019.1/data/ip'.
INFO: [Coretcl 2-1211] Creating project copy for archival...
INFO: [Coretcl 2-1213] Including run results for 'synth_1'
INFO: [Coretcl 2-1213] Including run results for 'design_1_rst_ps7_0_100M_0_synth_1'
INFO: [Coretcl 2-1213] Including run results for 'design_1_auto_pc_0_synth_1'
INFO: [Coretcl 2-1213] Including run results for 'design_1_axi_gpio_0_0_synth_1'
INFO: [Coretcl 2-1213] Including run results for 'design_1_processing_system7_0_0_synth_1'
INFO: [Coretcl 2-1213] Including run results for 'impl_1'
INFO: [Coretcl 2-133] re-setting run 'design_1_rst_ps7_0_100M_0_impl_1'...
INFO: [Coretcl 2-133] re-setting run 'design_1_auto_pc_0_impl_1'...
INFO: [Coretcl 2-133] re-setting run 'design_1_axi_gpio_0_0_impl_1'...
INFO: [Coretcl 2-133] re-setting run 'design_1_processing_system7_0_0_impl_1'...
INFO: [Coretcl 2-1212] Importing remotely added design sources and verilog include files (if any)...
INFO: [filemgmt 20-334] All file(s) are already imported in fileset: 'design_1_auto_pc_0'
INFO: [filemgmt 20-348] Importing the appropriate files for fileset: 'design_1_auto_pc_0'
INFO: [filemgmt 20-334] All file(s) are already imported in fileset: 'design_1_axi_gpio_0_0'
INFO: [filemgmt 20-348] Importing the appropriate files for fileset: 'design_1_axi_gpio_0_0'
INFO: [filemgmt 20-334] All file(s) are already imported in fileset: 'design_1_processing_system7_0_0'
INFO: [filemgmt 20-348] Importing the appropriate files for fileset: 'design_1_processing_system7_0_0'
INFO: [filemgmt 20-334] All file(s) are already imported in fileset: 'design_1_rst_ps7_0_100M_0'
INFO: [filemgmt 20-348] Importing the appropriate files for fileset: 'design_1_rst_ps7_0_100M_0'
INFO: [filemgmt 20-334] All file(s) are already imported in fileset: 'sources_1'
INFO: [filemgmt 20-348] Importing the appropriate files for fileset: 'sources_1'
